<?xml version="1.0" encoding="UTF-8"?>
<testsuites>
  <testsuite name="fastlane.lanes">
    
    
    
      
      <testcase classname="fastlane.lanes" name="0: default_platform" time="0.000203">
        
      </testcase>
    
      
      <testcase classname="fastlane.lanes" name="1: assembleDebug" time="6.20161">
        
          <failure message="/Library/Ruby/Gems/2.6.0/gems/fastlane-2.211.0/fastlane/lib/fastlane/actions/actions_helper.rb:67:in `execute_action'&#10;/Library/Ruby/Gems/2.6.0/gems/fastlane-2.211.0/fastlane/lib/fastlane/runner.rb:255:in `block in execute_action'&#10;/Library/Ruby/Gems/2.6.0/gems/fastlane-2.211.0/fastlane/lib/fastlane/runner.rb:229:in `chdir'&#10;/Library/Ruby/Gems/2.6.0/gems/fastlane-2.211.0/fastlane/lib/fastlane/runner.rb:229:in `execute_action'&#10;/Library/Ruby/Gems/2.6.0/gems/fastlane-2.211.0/fastlane/lib/fastlane/runner.rb:157:in `trigger_action_by_name'&#10;/Library/Ruby/Gems/2.6.0/gems/fastlane-2.211.0/fastlane/lib/fastlane/fast_file.rb:159:in `method_missing'&#10;Fastfile:7:in `block (2 levels) in parsing_binding'&#10;/Library/Ruby/Gems/2.6.0/gems/fastlane-2.211.0/fastlane/lib/fastlane/lane.rb:33:in `call'&#10;/Library/Ruby/Gems/2.6.0/gems/fastlane-2.211.0/fastlane/lib/fastlane/runner.rb:49:in `block in execute'&#10;/Library/Ruby/Gems/2.6.0/gems/fastlane-2.211.0/fastlane/lib/fastlane/runner.rb:45:in `chdir'&#10;/Library/Ruby/Gems/2.6.0/gems/fastlane-2.211.0/fastlane/lib/fastlane/runner.rb:45:in `execute'&#10;/Library/Ruby/Gems/2.6.0/gems/fastlane-2.211.0/fastlane/lib/fastlane/lane_manager.rb:47:in `cruise_lane'&#10;/Library/Ruby/Gems/2.6.0/gems/fastlane-2.211.0/fastlane/lib/fastlane/command_line_handler.rb:36:in `handle'&#10;/Library/Ruby/Gems/2.6.0/gems/fastlane-2.211.0/fastlane/lib/fastlane/commands_generator.rb:110:in `block (2 levels) in run'&#10;/Library/Ruby/Gems/2.6.0/gems/commander-4.6.0/lib/commander/command.rb:187:in `call'&#10;/Library/Ruby/Gems/2.6.0/gems/commander-4.6.0/lib/commander/command.rb:157:in `run'&#10;/Library/Ruby/Gems/2.6.0/gems/commander-4.6.0/lib/commander/runner.rb:444:in `run_active_command'&#10;/Library/Ruby/Gems/2.6.0/gems/fastlane-2.211.0/fastlane_core/lib/fastlane_core/ui/fastlane_runner.rb:124:in `run!'&#10;/Library/Ruby/Gems/2.6.0/gems/commander-4.6.0/lib/commander/delegates.rb:18:in `run!'&#10;/Library/Ruby/Gems/2.6.0/gems/fastlane-2.211.0/fastlane/lib/fastlane/commands_generator.rb:354:in `run'&#10;/Library/Ruby/Gems/2.6.0/gems/fastlane-2.211.0/fastlane/lib/fastlane/commands_generator.rb:43:in `start'&#10;/Library/Ruby/Gems/2.6.0/gems/fastlane-2.211.0/fastlane/lib/fastlane/cli_tools_distributor.rb:123:in `take_off'&#10;/Library/Ruby/Gems/2.6.0/gems/fastlane-2.211.0/bin/fastlane:23:in `&lt;top (required)&gt;'&#10;/usr/local/bin/fastlane:23:in `load'&#10;/usr/local/bin/fastlane:23:in `&lt;main&gt;'&#10;&#10;Exit status of command '/Users/veereshcharantimath/AndroidStudioProjects/FastlanePlayground/gradlew assembleDebug -p .' was 1 instead of 0.&#10;Starting a Gradle Daemon (subsequent builds will be faster)&#10;&gt; Task :app:preBuild UP-TO-DATE&#10;&gt; Task :app:preDebugBuild UP-TO-DATE&#10;&gt; Task :app:mergeDebugNativeDebugMetadata NO-SOURCE&#10;&gt; Task :app:compileDebugAidl NO-SOURCE&#10;&gt; Task :app:compileDebugRenderscript NO-SOURCE&#10;&gt; Task :app:generateDebugBuildConfig&#10;&gt; Task :app:generateDebugResValues&#10;&gt; Task :app:generateDebugResources&#10;&gt; Task :app:checkDebugAarMetadata FAILED&#10;&gt; Task :app:mergeDebugResources&#10;&#10;FAILURE: Build failed with an exception.&#10;&#10;* What went wrong:&#10;Execution failed for task ':app:checkDebugAarMetadata'.&#10;&gt; A failure occurred while executing com.android.build.gradle.internal.tasks.CheckAarMetadataWorkAction&#10;   &gt; 6 issues were found when checking AAR metadata:&#10;     &#10;       1.  Dependency 'androidx.appcompat:appcompat-resources:1.6.1' requires libraries and applications that&#10;           depend on it to compile against version 33 or later of the&#10;           Android APIs.&#10;     &#10;           :app is currently compiled against android-32.&#10;     &#10;           Recommended action: Update this project to use a newer compileSdkVersion&#10;           of at least 33, for example 33.&#10;     &#10;           Note that updating a library or application's compileSdkVersion (which&#10;           allows newer APIs to be used) can be done separately from updating&#10;           targetSdkVersion (which opts the app in to new runtime behavior) and&#10;           minSdkVersion (which determines which devices the app can be installed&#10;           on).&#10;     &#10;       2.  Dependency 'androidx.appcompat:appcompat:1.6.1' requires libraries and applications that&#10;           depend on it to compile against version 33 or later of the&#10;           Android APIs.&#10;     &#10;           :app is currently compiled against android-32.&#10;     &#10;           Recommended action: Update this project to use a newer compileSdkVersion&#10;           of at least 33, for example 33.&#10;     &#10;           Note that updating a library or application's compileSdkVersion (which&#10;           allows newer APIs to be used) can be done separately from updating&#10;           targetSdkVersion (which opts the app in to new runtime behavior) and&#10;           minSdkVersion (which determines which devices the app can be installed&#10;           on).&#10;     &#10;       3.  Dependency 'androidx.activity:activity:1.6.0' requires libraries and applications that&#10;           depend on it to compile against version 33 or later of the&#10;           Android APIs.&#10;     &#10;           :app is currently compiled against android-32.&#10;     &#10;           Recommended action: Update this project to use a newer compileSdkVersion&#10;           of at least 33, for example 33.&#10;     &#10;           Note that updating a library or application's compileSdkVersion (which&#10;           allows newer APIs to be used) can be done separately from updating&#10;           targetSdkVersion (which opts the app in to new runtime behavior) and&#10;           minSdkVersion (which determines which devices the app can be installed&#10;           on).&#10;     &#10;       4.  Dependency 'androidx.core:core:1.9.0' requires libraries and applications that&#10;           depend on it to compile against version 33 or later of the&#10;           Android APIs.&#10;     &#10;           :app is currently compiled against android-32.&#10;     &#10;           Recommended action: Update this project to use a newer compileSdkVersion&#10;           of at least 33, for example 33.&#10;     &#10;           Note that updating a library or application's compileSdkVersion (which&#10;           allows newer APIs to be used) can be done separately from updating&#10;           targetSdkVersion (which opts the app in to new runtime behavior) and&#10;           minSdkVersion (which determines which devices the app can be installed&#10;           on).&#10;     &#10;       5.  Dependency 'androidx.core:core-ktx:1.9.0' requires libraries and applications that&#10;           depend on it to compile against version 33 or later of the&#10;           Android APIs.&#10;     &#10;           :app is currently compiled against android-32.&#10;     &#10;           Recommended action: Update this project to use a newer compileSdkVersion&#10;           of at least 33, for example 33.&#10;     &#10;           Note that updating a library or application's compileSdkVersion (which&#10;           allows newer APIs to be used) can be done separately from updating&#10;           targetSdkVersion (which opts the app in to new runtime behavior) and&#10;           minSdkVersion (which determines which devices the app can be installed&#10;           on).&#10;     &#10;       6.  Dependency 'androidx.annotation:annotation-experimental:1.3.0' requires libraries and applications that&#10;           depend on it to compile against version 33 or later of the&#10;           Android APIs.&#10;     &#10;           :app is currently compiled against android-32.&#10;     &#10;           Recommended action: Update this project to use a newer compileSdkVersion&#10;           of at least 33, for example 33.&#10;     &#10;           Note that updating a library or application's compileSdkVersion (which&#10;           allows newer APIs to be used) can be done separately from updating&#10;           targetSdkVersion (which opts the app in to new runtime behavior) and&#10;           minSdkVersion (which determines which devices the app can be installed&#10;           on).&#10;&#10;* Try:&#10;&gt; Run with --stacktrace option to get the stack trace.&#10;&gt; Run with --info or --debug option to get more log output.&#10;&gt; Run with --scan to get full insights.&#10;&#10;* Get more help at https://help.gradle.org&#10;&#10;BUILD FAILED in 5s&#10;4 actionable tasks: 4 executed&#10;" />
        
      </testcase>
    
  </testsuite>
</testsuites>
